2024-07-29 04:15:24 [WARN]: Created Simple Coffee
2024-07-29 04:15:24 [WARN]: Coffee: Simple coffee, Cost: $5
2024-07-29 04:17:07 [WARN]: Added Milk to Coffee
2024-07-29 04:17:07 [WARN]: Coffee: Simple coffee with milk, Cost: $7
2024-07-29 04:17:14 [WARN]: Added Sugar to Coffee
2024-07-29 04:17:14 [WARN]: Coffee: Simple coffee with milk with sugar, Cost: $8
2024-07-29 04:17:14 [WARN]: Final Coffee: Simple coffee with milk with sugar, Total Cost: $8
2024-07-29 04:19:21 [WARN]: Created Simple Coffee
2024-07-29 04:19:21 [WARN]: Coffee: Simple coffee, Cost: $5
2024-07-29 04:19:24 [WARN]: Added Milk to Coffee
2024-07-29 04:19:24 [WARN]: Coffee: Simple coffee with milk, Cost: $7
2024-07-29 04:19:27 [WARN]: Added Sugar to Coffee
2024-07-29 04:19:27 [WARN]: Coffee: Simple coffee with milk with sugar, Cost: $8
2024-07-29 04:19:27 [WARN]: Final Coffee: Simple coffee with milk with sugar, Total Cost: $8
2024-07-29 04:20:26 [WARN]: Created Simple Coffee
2024-07-29 04:20:26 [WARN]: Coffee: Simple coffee, Cost: $5
2024-07-29 04:20:28 [WARN]: Added Milk to Coffee
2024-07-29 04:20:28 [WARN]: Coffee: Simple coffee with milk, Cost: $7
2024-07-29 04:20:31 [WARN]: Added Sugar to Coffee
2024-07-29 04:20:31 [WARN]: Coffee: Simple coffee with milk with sugar, Cost: $8
2024-07-29 04:20:31 [WARN]: Final Coffee: Simple coffee with milk with sugar, Total Cost: $8
2024-07-29 04:20:31 [WARN]: Created Simple Coffee
2024-07-29 04:20:31 [WARN]: Coffee: Simple coffee, Cost: $5
2024-07-29 04:20:35 [WARN]: Added Milk to Coffee
2024-07-29 04:20:35 [WARN]: Coffee: Simple coffee with milk, Cost: $7
2024-07-29 04:20:38 [WARN]: Added Sugar to Coffee
2024-07-29 04:20:38 [WARN]: Coffee: Simple coffee with milk with sugar, Cost: $8
2024-07-29 04:20:38 [WARN]: Final Coffee: Simple coffee with milk with sugar, Total Cost: $8
2024-07-29 04:20:38 [WARN]: Created Simple Coffee
2024-07-29 04:20:38 [WARN]: Coffee: Simple coffee, Cost: $5
2024-07-29 04:20:50 [WARN]: Added Milk to Coffee
2024-07-29 04:20:50 [WARN]: Coffee: Simple coffee with milk, Cost: $7
2024-07-29 04:20:56 [WARN]: Added Sugar to Coffee
2024-07-29 04:20:56 [WARN]: Coffee: Simple coffee with milk with sugar, Cost: $8
2024-07-29 04:20:56 [WARN]: Final Coffee: Simple coffee with milk with sugar, Total Cost: $8
2024-07-29 04:20:56 [WARN]: Created Simple Coffee
2024-07-29 04:20:56 [WARN]: Coffee: Simple coffee, Cost: $5
